

Version:	3.50
CmdLine:	C:\Users\BuahPir\Documents\NetBeansProjects\AKRENT\AKRENT.exe --l4j-debug
JNI:		No
WOW64:		Yes
Working dir:	C:\Users\BuahPir\Documents\NetBeansProjects\AKRENT\.
Requires JDK:	Yes
Requires 64-Bit: Yes
Java min ver:	1.000.004
Java max ver:	
Substitute:	JAVA_HOME = 
Substitute:	PATH = C:\Program Files\Common Files\Oracle\Java\javapath;D:\VMWare\bin\;C:\Program Files (x86)\Common Files\Intel\Shared Libraries\redist\intel64\compiler;C:\Windows\system32;C:\Windows;C:\Windows\System32\Wbem;C:\Windows\System32\WindowsPowerShell\v1.0\;C:\Windows\System32\OpenSSH\;C:\Program Files\NVIDIA Corporation\NVIDIA NvDLISR;C:\Program Files\Cloudflare\Cloudflare WARP\;C:\Program Files\dotnet\;C:\msys64\mingw64\bin;C:\Program Files (x86)\NVIDIA Corporation\PhysX\Common;D:\Windows Kits\10\Windows Performance Toolkit\;C:\Program Files\Git\cmd;C:\Program Files\playit_gg\bin\;C:\xampp\php;C:\ProgramData\ComposerSetup\bin;C:\Program Files\nodejs\;C:\Program Files\Java\jdk-21;C:\Users\BuahPir\.cargo\bin;C:\Users\BuahPir\AppData\Local\Microsoft\WindowsApps;C:\Users\BuahPir\AppData\Local\Programs\Microsoft VS Code\bin;C:\Program Files\Java\jdk-21\bin;C:\cygwin64\bin;C:\Users\BuahPir\AppData\Roaming\Composer\vendor\bin;C:\Users\BuahPir\AppData\Local\Microsoft\WinGet\Packages\Schniz.fnm_Microsoft.Winget.Source_8wekyb3d8bbwe;C:\Users\BuahPir\AppData\Roaming\npm;C:\Program Files\nodejs;;C:\Program Files\Java\jdk-21\bin
JRE paths:	;C:\Program Files\Common Files\Oracle\Java\javapath;D:\VMWare\bin\;C:\Program Files (x86)\Common Files\Intel\Shared Libraries\redist\intel64\compiler;C:\Windows\system32;C:\Windows;C:\Windows\System32\Wbem;C:\Windows\System32\WindowsPowerShell\v1.0\;C:\Windows\System32\OpenSSH\;C:\Program Files\NVIDIA Corporation\NVIDIA NvDLISR;C:\Program Files\Cloudflare\Cloudflare WARP\;C:\Program Files\dotnet\;C:\msys64\mingw64\bin;C:\Program Files (x86)\NVIDIA Corporation\PhysX\Common;D:\Windows Kits\10\Windows Performance Toolkit\;C:\Program Files\Git\cmd;C:\Program Files\playit_gg\bin\;C:\xampp\php;C:\ProgramData\ComposerSetup\bin;C:\Program Files\nodejs\;C:\Program Files\Java\jdk-21;C:\Users\BuahPir\.cargo\bin;C:\Users\BuahPir\AppData\Local\Microsoft\WindowsApps;C:\Users\BuahPir\AppData\Local\Programs\Microsoft VS Code\bin;C:\Program Files\Java\jdk-21\bin;C:\cygwin64\bin;C:\Users\BuahPir\AppData\Roaming\Composer\vendor\bin;C:\Users\BuahPir\AppData\Local\Microsoft\WinGet\Packages\Schniz.fnm_Microsoft.Winget.Source_8wekyb3d8bbwe;C:\Users\BuahPir\AppData\Roaming\npm;C:\Program Files\nodejs;;C:\Program Files\Java\jdk-21\bin
Check launcher:	C:\Program Files\Common Files\Oracle\Java\javapath\bin\javaw.exe (not found)
Check launcher:	D:\VMWare\bin\bin\javaw.exe (not found)
Check launcher:	C:\Program Files (x86)\Common Files\Intel\Shared Libraries\redist\intel64\compiler\bin\javaw.exe (not found)
Check launcher:	C:\Windows\system32\bin\javaw.exe (not found)
Check launcher:	C:\Windows\bin\javaw.exe (not found)
Check launcher:	C:\Windows\System32\Wbem\bin\javaw.exe (not found)
Check launcher:	C:\Windows\System32\WindowsPowerShell\v1.0\bin\javaw.exe (not found)
Check launcher:	C:\Windows\System32\OpenSSH\bin\javaw.exe (not found)
Check launcher:	C:\Program Files\NVIDIA Corporation\NVIDIA NvDLISR\bin\javaw.exe (not found)
Check launcher:	C:\Program Files\Cloudflare\Cloudflare WARP\bin\javaw.exe (not found)
Check launcher:	C:\Program Files\dotnet\bin\javaw.exe (not found)
Check launcher:	C:\msys64\mingw64\bin\javaw.exe (not found)
Check launcher:	C:\Program Files (x86)\NVIDIA Corporation\PhysX\Common\bin\javaw.exe (not found)
Check launcher:	D:\Windows Kits\10\Windows Performance Toolkit\bin\javaw.exe (not found)
Check launcher:	C:\Program Files\Git\cmd\bin\javaw.exe (not found)
Check launcher:	C:\Program Files\playit_gg\bin\bin\javaw.exe (not found)
Check launcher:	C:\xampp\php\bin\javaw.exe (not found)
Check launcher:	C:\ProgramData\ComposerSetup\bin\javaw.exe (not found)
Check launcher:	C:\Program Files\nodejs\bin\javaw.exe (not found)
Check launcher:	C:\Program Files\Java\jdk-21\bin\javaw.exe (OK)
Check javac:	C:\Program Files\Java\jdk-21\bin\javac.exe (OK)
Version string: 1.021.000_005 / 64-Bit (OK)
Launcher:	C:\Program Files\Java\jdk-21\bin\javaw.exe
Launcher args:	-jar "C:\Users\BuahPir\Documents\NetBeansProjects\AKRENT\AKRENT.exe"
Args length:	68/32768 chars
Exit code:	0


Version:	3.50
CmdLine:	C:\Users\BuahPir\Documents\NetBeansProjects\AKRENT\AKRENT.exe --l4j-debug
JNI:		No
WOW64:		Yes
Working dir:	C:\Users\BuahPir\Documents\NetBeansProjects\AKRENT\.
Requires JDK:	Yes
Requires 64-Bit: Yes
Java min ver:	1.000.004
Java max ver:	
Substitute:	JAVA_HOME = 
Substitute:	PATH = C:\Program Files\Common Files\Oracle\Java\javapath;D:\VMWare\bin\;C:\Program Files (x86)\Common Files\Intel\Shared Libraries\redist\intel64\compiler;C:\Windows\system32;C:\Windows;C:\Windows\System32\Wbem;C:\Windows\System32\WindowsPowerShell\v1.0\;C:\Windows\System32\OpenSSH\;C:\Program Files\NVIDIA Corporation\NVIDIA NvDLISR;C:\Program Files\Cloudflare\Cloudflare WARP\;C:\Program Files\dotnet\;C:\msys64\mingw64\bin;C:\Program Files (x86)\NVIDIA Corporation\PhysX\Common;D:\Windows Kits\10\Windows Performance Toolkit\;C:\Program Files\Git\cmd;C:\Program Files\playit_gg\bin\;C:\xampp\php;C:\ProgramData\ComposerSetup\bin;C:\Program Files\nodejs\;C:\Program Files\Java\jdk-21;C:\Users\BuahPir\.cargo\bin;C:\Users\BuahPir\AppData\Local\Microsoft\WindowsApps;C:\Users\BuahPir\AppData\Local\Programs\Microsoft VS Code\bin;C:\Program Files\Java\jdk-21\bin;C:\cygwin64\bin;C:\Users\BuahPir\AppData\Roaming\Composer\vendor\bin;C:\Users\BuahPir\AppData\Local\Microsoft\WinGet\Packages\Schniz.fnm_Microsoft.Winget.Source_8wekyb3d8bbwe;C:\Users\BuahPir\AppData\Roaming\npm;C:\Program Files\nodejs;;C:\Program Files\Java\jdk-21\bin
JRE paths:	;C:\Program Files\Common Files\Oracle\Java\javapath;D:\VMWare\bin\;C:\Program Files (x86)\Common Files\Intel\Shared Libraries\redist\intel64\compiler;C:\Windows\system32;C:\Windows;C:\Windows\System32\Wbem;C:\Windows\System32\WindowsPowerShell\v1.0\;C:\Windows\System32\OpenSSH\;C:\Program Files\NVIDIA Corporation\NVIDIA NvDLISR;C:\Program Files\Cloudflare\Cloudflare WARP\;C:\Program Files\dotnet\;C:\msys64\mingw64\bin;C:\Program Files (x86)\NVIDIA Corporation\PhysX\Common;D:\Windows Kits\10\Windows Performance Toolkit\;C:\Program Files\Git\cmd;C:\Program Files\playit_gg\bin\;C:\xampp\php;C:\ProgramData\ComposerSetup\bin;C:\Program Files\nodejs\;C:\Program Files\Java\jdk-21;C:\Users\BuahPir\.cargo\bin;C:\Users\BuahPir\AppData\Local\Microsoft\WindowsApps;C:\Users\BuahPir\AppData\Local\Programs\Microsoft VS Code\bin;C:\Program Files\Java\jdk-21\bin;C:\cygwin64\bin;C:\Users\BuahPir\AppData\Roaming\Composer\vendor\bin;C:\Users\BuahPir\AppData\Local\Microsoft\WinGet\Packages\Schniz.fnm_Microsoft.Winget.Source_8wekyb3d8bbwe;C:\Users\BuahPir\AppData\Roaming\npm;C:\Program Files\nodejs;;C:\Program Files\Java\jdk-21\bin
Check launcher:	C:\Program Files\Common Files\Oracle\Java\javapath\bin\javaw.exe (not found)
Check launcher:	D:\VMWare\bin\bin\javaw.exe (not found)
Check launcher:	C:\Program Files (x86)\Common Files\Intel\Shared Libraries\redist\intel64\compiler\bin\javaw.exe (not found)
Check launcher:	C:\Windows\system32\bin\javaw.exe (not found)
Check launcher:	C:\Windows\bin\javaw.exe (not found)
Check launcher:	C:\Windows\System32\Wbem\bin\javaw.exe (not found)
Check launcher:	C:\Windows\System32\WindowsPowerShell\v1.0\bin\javaw.exe (not found)
Check launcher:	C:\Windows\System32\OpenSSH\bin\javaw.exe (not found)
Check launcher:	C:\Program Files\NVIDIA Corporation\NVIDIA NvDLISR\bin\javaw.exe (not found)
Check launcher:	C:\Program Files\Cloudflare\Cloudflare WARP\bin\javaw.exe (not found)
Check launcher:	C:\Program Files\dotnet\bin\javaw.exe (not found)
Check launcher:	C:\msys64\mingw64\bin\javaw.exe (not found)
Check launcher:	C:\Program Files (x86)\NVIDIA Corporation\PhysX\Common\bin\javaw.exe (not found)
Check launcher:	D:\Windows Kits\10\Windows Performance Toolkit\bin\javaw.exe (not found)
Check launcher:	C:\Program Files\Git\cmd\bin\javaw.exe (not found)
Check launcher:	C:\Program Files\playit_gg\bin\bin\javaw.exe (not found)
Check launcher:	C:\xampp\php\bin\javaw.exe (not found)
Check launcher:	C:\ProgramData\ComposerSetup\bin\javaw.exe (not found)
Check launcher:	C:\Program Files\nodejs\bin\javaw.exe (not found)
Check launcher:	C:\Program Files\Java\jdk-21\bin\javaw.exe (OK)
Check javac:	C:\Program Files\Java\jdk-21\bin\javac.exe (OK)
Version string: 1.021.000_005 / 64-Bit (OK)
Launcher:	C:\Program Files\Java\jdk-21\bin\javaw.exe
Launcher args:	-jar "C:\Users\BuahPir\Documents\NetBeansProjects\AKRENT\AKRENT.exe"
Args length:	68/32768 chars
Exit code:	0


Version:	3.50
CmdLine:	C:\Users\BuahPir\Documents\NetBeansProjects\AKRENT\AKRENT.exe --l4j-debug
JNI:		No
WOW64:		Yes
Working dir:	C:\Users\BuahPir\Documents\NetBeansProjects\AKRENT\.
Requires JDK:	Yes
Requires 64-Bit: Yes
Java min ver:	1.000.004
Java max ver:	
Substitute:	JAVA_HOME = 
Substitute:	PATH = C:\Program Files\Common Files\Oracle\Java\javapath;D:\VMWare\bin\;C:\Program Files (x86)\Common Files\Intel\Shared Libraries\redist\intel64\compiler;C:\Windows\system32;C:\Windows;C:\Windows\System32\Wbem;C:\Windows\System32\WindowsPowerShell\v1.0\;C:\Windows\System32\OpenSSH\;C:\Program Files\NVIDIA Corporation\NVIDIA NvDLISR;C:\Program Files\Cloudflare\Cloudflare WARP\;C:\Program Files\dotnet\;C:\msys64\mingw64\bin;C:\Program Files (x86)\NVIDIA Corporation\PhysX\Common;D:\Windows Kits\10\Windows Performance Toolkit\;C:\Program Files\Git\cmd;C:\Program Files\playit_gg\bin\;C:\xampp\php;C:\ProgramData\ComposerSetup\bin;C:\Program Files\nodejs\;C:\Program Files\Java\jdk-21;C:\Users\BuahPir\.cargo\bin;C:\Users\BuahPir\AppData\Local\Microsoft\WindowsApps;C:\Users\BuahPir\AppData\Local\Programs\Microsoft VS Code\bin;C:\Program Files\Java\jdk-21\bin;C:\cygwin64\bin;C:\Users\BuahPir\AppData\Roaming\Composer\vendor\bin;C:\Users\BuahPir\AppData\Local\Microsoft\WinGet\Packages\Schniz.fnm_Microsoft.Winget.Source_8wekyb3d8bbwe;C:\Users\BuahPir\AppData\Roaming\npm;C:\Program Files\nodejs;;C:\Program Files\Java\jdk-21\bin
JRE paths:	;C:\Program Files\Common Files\Oracle\Java\javapath;D:\VMWare\bin\;C:\Program Files (x86)\Common Files\Intel\Shared Libraries\redist\intel64\compiler;C:\Windows\system32;C:\Windows;C:\Windows\System32\Wbem;C:\Windows\System32\WindowsPowerShell\v1.0\;C:\Windows\System32\OpenSSH\;C:\Program Files\NVIDIA Corporation\NVIDIA NvDLISR;C:\Program Files\Cloudflare\Cloudflare WARP\;C:\Program Files\dotnet\;C:\msys64\mingw64\bin;C:\Program Files (x86)\NVIDIA Corporation\PhysX\Common;D:\Windows Kits\10\Windows Performance Toolkit\;C:\Program Files\Git\cmd;C:\Program Files\playit_gg\bin\;C:\xampp\php;C:\ProgramData\ComposerSetup\bin;C:\Program Files\nodejs\;C:\Program Files\Java\jdk-21;C:\Users\BuahPir\.cargo\bin;C:\Users\BuahPir\AppData\Local\Microsoft\WindowsApps;C:\Users\BuahPir\AppData\Local\Programs\Microsoft VS Code\bin;C:\Program Files\Java\jdk-21\bin;C:\cygwin64\bin;C:\Users\BuahPir\AppData\Roaming\Composer\vendor\bin;C:\Users\BuahPir\AppData\Local\Microsoft\WinGet\Packages\Schniz.fnm_Microsoft.Winget.Source_8wekyb3d8bbwe;C:\Users\BuahPir\AppData\Roaming\npm;C:\Program Files\nodejs;;C:\Program Files\Java\jdk-21\bin
Check launcher:	C:\Program Files\Common Files\Oracle\Java\javapath\bin\javaw.exe (not found)
Check launcher:	D:\VMWare\bin\bin\javaw.exe (not found)
Check launcher:	C:\Program Files (x86)\Common Files\Intel\Shared Libraries\redist\intel64\compiler\bin\javaw.exe (not found)
Check launcher:	C:\Windows\system32\bin\javaw.exe (not found)
Check launcher:	C:\Windows\bin\javaw.exe (not found)
Check launcher:	C:\Windows\System32\Wbem\bin\javaw.exe (not found)
Check launcher:	C:\Windows\System32\WindowsPowerShell\v1.0\bin\javaw.exe (not found)
Check launcher:	C:\Windows\System32\OpenSSH\bin\javaw.exe (not found)
Check launcher:	C:\Program Files\NVIDIA Corporation\NVIDIA NvDLISR\bin\javaw.exe (not found)
Check launcher:	C:\Program Files\Cloudflare\Cloudflare WARP\bin\javaw.exe (not found)
Check launcher:	C:\Program Files\dotnet\bin\javaw.exe (not found)
Check launcher:	C:\msys64\mingw64\bin\javaw.exe (not found)
Check launcher:	C:\Program Files (x86)\NVIDIA Corporation\PhysX\Common\bin\javaw.exe (not found)
Check launcher:	D:\Windows Kits\10\Windows Performance Toolkit\bin\javaw.exe (not found)
Check launcher:	C:\Program Files\Git\cmd\bin\javaw.exe (not found)
Check launcher:	C:\Program Files\playit_gg\bin\bin\javaw.exe (not found)
Check launcher:	C:\xampp\php\bin\javaw.exe (not found)
Check launcher:	C:\ProgramData\ComposerSetup\bin\javaw.exe (not found)
Check launcher:	C:\Program Files\nodejs\bin\javaw.exe (not found)
Check launcher:	C:\Program Files\Java\jdk-21\bin\javaw.exe (OK)
Check javac:	C:\Program Files\Java\jdk-21\bin\javac.exe (OK)
Version string: 1.021.000_005 / 64-Bit (OK)
Launcher:	C:\Program Files\Java\jdk-21\bin\javaw.exe
Launcher args:	-jar "C:\Users\BuahPir\Documents\NetBeansProjects\AKRENT\AKRENT.exe"
Args length:	68/32768 chars
Exit code:	0


Version:	3.50
CmdLine:	C:\Users\BuahPir\Documents\NetBeansProjects\AKRENT\AKRENT.exe --l4j-debug
JNI:		No
WOW64:		Yes
Working dir:	C:\Users\BuahPir\Documents\NetBeansProjects\AKRENT\.
Requires JDK:	Yes
Requires 64-Bit: Yes
Java min ver:	1.000.004
Java max ver:	
Substitute:	JAVA_HOME = 
Substitute:	PATH = C:\Program Files\Common Files\Oracle\Java\javapath;D:\VMWare\bin\;C:\Program Files (x86)\Common Files\Intel\Shared Libraries\redist\intel64\compiler;C:\Windows\system32;C:\Windows;C:\Windows\System32\Wbem;C:\Windows\System32\WindowsPowerShell\v1.0\;C:\Windows\System32\OpenSSH\;C:\Program Files\NVIDIA Corporation\NVIDIA NvDLISR;C:\Program Files\Cloudflare\Cloudflare WARP\;C:\Program Files\dotnet\;C:\msys64\mingw64\bin;C:\Program Files (x86)\NVIDIA Corporation\PhysX\Common;D:\Windows Kits\10\Windows Performance Toolkit\;C:\Program Files\Git\cmd;C:\Program Files\playit_gg\bin\;C:\xampp\php;C:\ProgramData\ComposerSetup\bin;C:\Program Files\nodejs\;C:\Program Files\Java\jdk-21;C:\Users\BuahPir\.cargo\bin;C:\Users\BuahPir\AppData\Local\Microsoft\WindowsApps;C:\Users\BuahPir\AppData\Local\Programs\Microsoft VS Code\bin;C:\Program Files\Java\jdk-21\bin;C:\cygwin64\bin;C:\Users\BuahPir\AppData\Roaming\Composer\vendor\bin;C:\Users\BuahPir\AppData\Local\Microsoft\WinGet\Packages\Schniz.fnm_Microsoft.Winget.Source_8wekyb3d8bbwe;C:\Users\BuahPir\AppData\Roaming\npm;C:\Program Files\nodejs;;C:\Program Files\Java\jdk-21\bin
JRE paths:	;C:\Program Files\Common Files\Oracle\Java\javapath;D:\VMWare\bin\;C:\Program Files (x86)\Common Files\Intel\Shared Libraries\redist\intel64\compiler;C:\Windows\system32;C:\Windows;C:\Windows\System32\Wbem;C:\Windows\System32\WindowsPowerShell\v1.0\;C:\Windows\System32\OpenSSH\;C:\Program Files\NVIDIA Corporation\NVIDIA NvDLISR;C:\Program Files\Cloudflare\Cloudflare WARP\;C:\Program Files\dotnet\;C:\msys64\mingw64\bin;C:\Program Files (x86)\NVIDIA Corporation\PhysX\Common;D:\Windows Kits\10\Windows Performance Toolkit\;C:\Program Files\Git\cmd;C:\Program Files\playit_gg\bin\;C:\xampp\php;C:\ProgramData\ComposerSetup\bin;C:\Program Files\nodejs\;C:\Program Files\Java\jdk-21;C:\Users\BuahPir\.cargo\bin;C:\Users\BuahPir\AppData\Local\Microsoft\WindowsApps;C:\Users\BuahPir\AppData\Local\Programs\Microsoft VS Code\bin;C:\Program Files\Java\jdk-21\bin;C:\cygwin64\bin;C:\Users\BuahPir\AppData\Roaming\Composer\vendor\bin;C:\Users\BuahPir\AppData\Local\Microsoft\WinGet\Packages\Schniz.fnm_Microsoft.Winget.Source_8wekyb3d8bbwe;C:\Users\BuahPir\AppData\Roaming\npm;C:\Program Files\nodejs;;C:\Program Files\Java\jdk-21\bin
Check launcher:	C:\Program Files\Common Files\Oracle\Java\javapath\bin\javaw.exe (not found)
Check launcher:	D:\VMWare\bin\bin\javaw.exe (not found)
Check launcher:	C:\Program Files (x86)\Common Files\Intel\Shared Libraries\redist\intel64\compiler\bin\javaw.exe (not found)
Check launcher:	C:\Windows\system32\bin\javaw.exe (not found)
Check launcher:	C:\Windows\bin\javaw.exe (not found)
Check launcher:	C:\Windows\System32\Wbem\bin\javaw.exe (not found)
Check launcher:	C:\Windows\System32\WindowsPowerShell\v1.0\bin\javaw.exe (not found)
Check launcher:	C:\Windows\System32\OpenSSH\bin\javaw.exe (not found)
Check launcher:	C:\Program Files\NVIDIA Corporation\NVIDIA NvDLISR\bin\javaw.exe (not found)
Check launcher:	C:\Program Files\Cloudflare\Cloudflare WARP\bin\javaw.exe (not found)
Check launcher:	C:\Program Files\dotnet\bin\javaw.exe (not found)
Check launcher:	C:\msys64\mingw64\bin\javaw.exe (not found)
Check launcher:	C:\Program Files (x86)\NVIDIA Corporation\PhysX\Common\bin\javaw.exe (not found)
Check launcher:	D:\Windows Kits\10\Windows Performance Toolkit\bin\javaw.exe (not found)
Check launcher:	C:\Program Files\Git\cmd\bin\javaw.exe (not found)
Check launcher:	C:\Program Files\playit_gg\bin\bin\javaw.exe (not found)
Check launcher:	C:\xampp\php\bin\javaw.exe (not found)
Check launcher:	C:\ProgramData\ComposerSetup\bin\javaw.exe (not found)
Check launcher:	C:\Program Files\nodejs\bin\javaw.exe (not found)
Check launcher:	C:\Program Files\Java\jdk-21\bin\javaw.exe (OK)
Check javac:	C:\Program Files\Java\jdk-21\bin\javac.exe (OK)
Version string: 1.021.000_005 / 64-Bit (OK)
Launcher:	C:\Program Files\Java\jdk-21\bin\javaw.exe
Launcher args:	-jar "C:\Users\BuahPir\Documents\NetBeansProjects\AKRENT\AKRENT.exe"
Args length:	68/32768 chars
Exit code:	0


Version:	3.50
CmdLine:	C:\Users\BuahPir\Documents\NetBeansProjects\AKRENT\AKRENT.exe --l4j-debug
JNI:		No
WOW64:		Yes
Working dir:	C:\Users\BuahPir\Documents\NetBeansProjects\AKRENT\.
Requires JDK:	Yes
Requires 64-Bit: Yes
Java min ver:	1.000.004
Java max ver:	
Substitute:	JAVA_HOME = 
Substitute:	PATH = C:\Program Files\Common Files\Oracle\Java\javapath;D:\VMWare\bin\;C:\Program Files (x86)\Common Files\Intel\Shared Libraries\redist\intel64\compiler;C:\Windows\system32;C:\Windows;C:\Windows\System32\Wbem;C:\Windows\System32\WindowsPowerShell\v1.0\;C:\Windows\System32\OpenSSH\;C:\Program Files\NVIDIA Corporation\NVIDIA NvDLISR;C:\Program Files\Cloudflare\Cloudflare WARP\;C:\Program Files\dotnet\;C:\msys64\mingw64\bin;C:\Program Files (x86)\NVIDIA Corporation\PhysX\Common;D:\Windows Kits\10\Windows Performance Toolkit\;C:\Program Files\Git\cmd;C:\Program Files\playit_gg\bin\;C:\xampp\php;C:\ProgramData\ComposerSetup\bin;C:\Program Files\nodejs\;C:\Program Files\Java\jdk-21;C:\Users\BuahPir\.cargo\bin;C:\Users\BuahPir\AppData\Local\Microsoft\WindowsApps;C:\Users\BuahPir\AppData\Local\Programs\Microsoft VS Code\bin;C:\Program Files\Java\jdk-21\bin;C:\cygwin64\bin;C:\Users\BuahPir\AppData\Roaming\Composer\vendor\bin;C:\Users\BuahPir\AppData\Local\Microsoft\WinGet\Packages\Schniz.fnm_Microsoft.Winget.Source_8wekyb3d8bbwe;C:\Users\BuahPir\AppData\Roaming\npm;C:\Program Files\nodejs;;C:\Program Files\Java\jdk-21\bin
JRE paths:	;C:\Program Files\Common Files\Oracle\Java\javapath;D:\VMWare\bin\;C:\Program Files (x86)\Common Files\Intel\Shared Libraries\redist\intel64\compiler;C:\Windows\system32;C:\Windows;C:\Windows\System32\Wbem;C:\Windows\System32\WindowsPowerShell\v1.0\;C:\Windows\System32\OpenSSH\;C:\Program Files\NVIDIA Corporation\NVIDIA NvDLISR;C:\Program Files\Cloudflare\Cloudflare WARP\;C:\Program Files\dotnet\;C:\msys64\mingw64\bin;C:\Program Files (x86)\NVIDIA Corporation\PhysX\Common;D:\Windows Kits\10\Windows Performance Toolkit\;C:\Program Files\Git\cmd;C:\Program Files\playit_gg\bin\;C:\xampp\php;C:\ProgramData\ComposerSetup\bin;C:\Program Files\nodejs\;C:\Program Files\Java\jdk-21;C:\Users\BuahPir\.cargo\bin;C:\Users\BuahPir\AppData\Local\Microsoft\WindowsApps;C:\Users\BuahPir\AppData\Local\Programs\Microsoft VS Code\bin;C:\Program Files\Java\jdk-21\bin;C:\cygwin64\bin;C:\Users\BuahPir\AppData\Roaming\Composer\vendor\bin;C:\Users\BuahPir\AppData\Local\Microsoft\WinGet\Packages\Schniz.fnm_Microsoft.Winget.Source_8wekyb3d8bbwe;C:\Users\BuahPir\AppData\Roaming\npm;C:\Program Files\nodejs;;C:\Program Files\Java\jdk-21\bin
Check launcher:	C:\Program Files\Common Files\Oracle\Java\javapath\bin\javaw.exe (not found)
Check launcher:	D:\VMWare\bin\bin\javaw.exe (not found)
Check launcher:	C:\Program Files (x86)\Common Files\Intel\Shared Libraries\redist\intel64\compiler\bin\javaw.exe (not found)
Check launcher:	C:\Windows\system32\bin\javaw.exe (not found)
Check launcher:	C:\Windows\bin\javaw.exe (not found)
Check launcher:	C:\Windows\System32\Wbem\bin\javaw.exe (not found)
Check launcher:	C:\Windows\System32\WindowsPowerShell\v1.0\bin\javaw.exe (not found)
Check launcher:	C:\Windows\System32\OpenSSH\bin\javaw.exe (not found)
Check launcher:	C:\Program Files\NVIDIA Corporation\NVIDIA NvDLISR\bin\javaw.exe (not found)
Check launcher:	C:\Program Files\Cloudflare\Cloudflare WARP\bin\javaw.exe (not found)
Check launcher:	C:\Program Files\dotnet\bin\javaw.exe (not found)
Check launcher:	C:\msys64\mingw64\bin\javaw.exe (not found)
Check launcher:	C:\Program Files (x86)\NVIDIA Corporation\PhysX\Common\bin\javaw.exe (not found)
Check launcher:	D:\Windows Kits\10\Windows Performance Toolkit\bin\javaw.exe (not found)
Check launcher:	C:\Program Files\Git\cmd\bin\javaw.exe (not found)
Check launcher:	C:\Program Files\playit_gg\bin\bin\javaw.exe (not found)
Check launcher:	C:\xampp\php\bin\javaw.exe (not found)
Check launcher:	C:\ProgramData\ComposerSetup\bin\javaw.exe (not found)
Check launcher:	C:\Program Files\nodejs\bin\javaw.exe (not found)
Check launcher:	C:\Program Files\Java\jdk-21\bin\javaw.exe (OK)
Check javac:	C:\Program Files\Java\jdk-21\bin\javac.exe (OK)
Version string: 1.021.000_005 / 64-Bit (OK)
Launcher:	C:\Program Files\Java\jdk-21\bin\javaw.exe
Launcher args:	-jar "C:\Users\BuahPir\Documents\NetBeansProjects\AKRENT\AKRENT.exe"
Args length:	68/32768 chars
Exit code:	0


Version:	3.50
CmdLine:	C:\Users\BuahPir\Documents\NetBeansProjects\AKRENT\AKRENT.exe --l4j-debug
JNI:		No
WOW64:		Yes
Working dir:	C:\Users\BuahPir\Documents\NetBeansProjects\AKRENT\.
Requires JDK:	Yes
Requires 64-Bit: Yes
Java min ver:	1.000.004
Java max ver:	
Substitute:	JAVA_HOME = 
Substitute:	PATH = C:\Program Files\Common Files\Oracle\Java\javapath;D:\VMWare\bin\;C:\Program Files (x86)\Common Files\Intel\Shared Libraries\redist\intel64\compiler;C:\Windows\system32;C:\Windows;C:\Windows\System32\Wbem;C:\Windows\System32\WindowsPowerShell\v1.0\;C:\Windows\System32\OpenSSH\;C:\Program Files\NVIDIA Corporation\NVIDIA NvDLISR;C:\Program Files\Cloudflare\Cloudflare WARP\;C:\Program Files\dotnet\;C:\msys64\mingw64\bin;C:\Program Files (x86)\NVIDIA Corporation\PhysX\Common;D:\Windows Kits\10\Windows Performance Toolkit\;C:\Program Files\Git\cmd;C:\Program Files\playit_gg\bin\;C:\xampp\php;C:\ProgramData\ComposerSetup\bin;C:\Program Files\nodejs\;C:\Program Files\Java\jdk-21;C:\Users\BuahPir\.cargo\bin;C:\Users\BuahPir\AppData\Local\Microsoft\WindowsApps;C:\Users\BuahPir\AppData\Local\Programs\Microsoft VS Code\bin;C:\Program Files\Java\jdk-21\bin;C:\cygwin64\bin;C:\Users\BuahPir\AppData\Roaming\Composer\vendor\bin;C:\Users\BuahPir\AppData\Local\Microsoft\WinGet\Packages\Schniz.fnm_Microsoft.Winget.Source_8wekyb3d8bbwe;C:\Users\BuahPir\AppData\Roaming\npm;C:\Program Files\nodejs;;C:\Program Files\Java\jdk-21\bin
JRE paths:	;C:\Program Files\Common Files\Oracle\Java\javapath;D:\VMWare\bin\;C:\Program Files (x86)\Common Files\Intel\Shared Libraries\redist\intel64\compiler;C:\Windows\system32;C:\Windows;C:\Windows\System32\Wbem;C:\Windows\System32\WindowsPowerShell\v1.0\;C:\Windows\System32\OpenSSH\;C:\Program Files\NVIDIA Corporation\NVIDIA NvDLISR;C:\Program Files\Cloudflare\Cloudflare WARP\;C:\Program Files\dotnet\;C:\msys64\mingw64\bin;C:\Program Files (x86)\NVIDIA Corporation\PhysX\Common;D:\Windows Kits\10\Windows Performance Toolkit\;C:\Program Files\Git\cmd;C:\Program Files\playit_gg\bin\;C:\xampp\php;C:\ProgramData\ComposerSetup\bin;C:\Program Files\nodejs\;C:\Program Files\Java\jdk-21;C:\Users\BuahPir\.cargo\bin;C:\Users\BuahPir\AppData\Local\Microsoft\WindowsApps;C:\Users\BuahPir\AppData\Local\Programs\Microsoft VS Code\bin;C:\Program Files\Java\jdk-21\bin;C:\cygwin64\bin;C:\Users\BuahPir\AppData\Roaming\Composer\vendor\bin;C:\Users\BuahPir\AppData\Local\Microsoft\WinGet\Packages\Schniz.fnm_Microsoft.Winget.Source_8wekyb3d8bbwe;C:\Users\BuahPir\AppData\Roaming\npm;C:\Program Files\nodejs;;C:\Program Files\Java\jdk-21\bin
Check launcher:	C:\Program Files\Common Files\Oracle\Java\javapath\bin\javaw.exe (not found)
Check launcher:	D:\VMWare\bin\bin\javaw.exe (not found)
Check launcher:	C:\Program Files (x86)\Common Files\Intel\Shared Libraries\redist\intel64\compiler\bin\javaw.exe (not found)
Check launcher:	C:\Windows\system32\bin\javaw.exe (not found)
Check launcher:	C:\Windows\bin\javaw.exe (not found)
Check launcher:	C:\Windows\System32\Wbem\bin\javaw.exe (not found)
Check launcher:	C:\Windows\System32\WindowsPowerShell\v1.0\bin\javaw.exe (not found)
Check launcher:	C:\Windows\System32\OpenSSH\bin\javaw.exe (not found)
Check launcher:	C:\Program Files\NVIDIA Corporation\NVIDIA NvDLISR\bin\javaw.exe (not found)
Check launcher:	C:\Program Files\Cloudflare\Cloudflare WARP\bin\javaw.exe (not found)
Check launcher:	C:\Program Files\dotnet\bin\javaw.exe (not found)
Check launcher:	C:\msys64\mingw64\bin\javaw.exe (not found)
Check launcher:	C:\Program Files (x86)\NVIDIA Corporation\PhysX\Common\bin\javaw.exe (not found)
Check launcher:	D:\Windows Kits\10\Windows Performance Toolkit\bin\javaw.exe (not found)
Check launcher:	C:\Program Files\Git\cmd\bin\javaw.exe (not found)
Check launcher:	C:\Program Files\playit_gg\bin\bin\javaw.exe (not found)
Check launcher:	C:\xampp\php\bin\javaw.exe (not found)
Check launcher:	C:\ProgramData\ComposerSetup\bin\javaw.exe (not found)
Check launcher:	C:\Program Files\nodejs\bin\javaw.exe (not found)
Check launcher:	C:\Program Files\Java\jdk-21\bin\javaw.exe (OK)
Check javac:	C:\Program Files\Java\jdk-21\bin\javac.exe (OK)
Version string: 1.021.000_005 / 64-Bit (OK)
Launcher:	C:\Program Files\Java\jdk-21\bin\javaw.exe
Launcher args:	-jar "C:\Users\BuahPir\Documents\NetBeansProjects\AKRENT\AKRENT.exe"
Args length:	68/32768 chars
Exit code:	0
